     1                                  ;(d+d-b)+(c-a)+d 
     2                                  ;a,b,c,d - byte
     3                                  
     4                                  bits 32 
     5                                  
     6                                  global start        
     7                                  
     8                                  extern exit, printf              
     9                                  import exit msvcrt.dll    
    10                                  import printf msvcrt.dll    
    11                                      
    12                                  
    13                                  segment data use32 class=data
    14 00000000 04                          a db 4
    15 00000001 03                          b db 3
    16 00000002 02                          c db 2
    17 00000003 02                          d db 2
    18                                      
    19 00000004 52657A756C6174756C-         print_frm db "Rezulatul este: % d", 0
    19 0000000D 20657374653A202520-
    19 00000016 6400               
    20                                    
    21                                  segment code use32 class=code
    22                                  start:
    23                                  
    24 00000000 31C0                        xor eax, eax
    25 00000002 31DB                        xor ebx, ebx
    26 00000004 31C9                        xor ecx, ecx
    27 00000006 31D2                        xor edx, edx
    28                                      
    29 00000008 A0[03000000]                mov al, [d]
    30 0000000D 0205[03000000]              add al, [d]
    31 00000013 2A05[01000000]              sub al, [b]  ; (d+d-b)
    32                                      
    33 00000019 0205[02000000]              add al, [c]
    34 0000001F 2A05[00000000]              sub al, [a]
    35 00000025 0205[03000000]              add al, [d]
    36                                      
    37 0000002B 6698                        cbw
    38 0000002D 98                          cwde
    39                                      
    40 0000002E 50                          push eax
    41 0000002F 68[04000000]                push print_frm
    42 00000034 FF15[00000000]              call [printf]
    43 0000003A 83C408                      add esp, 2 * 4
    44                                      
    45                                    
    46 0000003D 6A00                        push    dword 0      ; push the parameter for exit onto the stack
    47 0000003F FF15[00000000]              call    [exit]       ; call exit to terminate the program
