     1                                  ;a-d+b+b+c 
     2                                  ;a,b,c,d - word 
     3                                  
     4                                  bits 32 
     5                                  
     6                                  global start        
     7                                  
     8                                  extern exit, printf              
     9                                  import exit msvcrt.dll    
    10                                  import printf msvcrt.dll    
    11                                      
    12                                  
    13                                  segment data use32 class=data
    14 00000000 0400                        a dw 4
    15 00000002 0300                        b dw 3
    16 00000004 0200                        c dw 2
    17 00000006 0200                        d dw 2
    18                                      
    19 00000008 52657A756C6174756C-         print_frm db "Rezulatul este: % d", 0
    19 00000011 20657374653A202520-
    19 0000001A 6400               
    20                                    
    21                                  segment code use32 class=code
    22                                  start:
    23                                  
    24 00000000 31C0                        xor eax, eax
    25 00000002 31DB                        xor ebx, ebx
    26 00000004 31C9                        xor ecx, ecx
    27 00000006 31D2                        xor edx, edx
    28                                      
    29 00000008 66A1[00000000]              mov ax, [a]
    30 0000000E 662B05[06000000]            sub ax, [d]
    31 00000015 660305[02000000]            add ax, [b]
    32 0000001C 660305[02000000]            add ax, [b]
    33 00000023 660305[04000000]            add ax, [c]
    34                                  
    35 0000002A 98                          cwde
    36                                      
    37 0000002B 50                          push eax
    38 0000002C 68[08000000]                push print_frm
    39 00000031 FF15[00000000]              call [printf]
    40 00000037 83C408                      add esp, 2 * 4
    41                                      
    42                                    
    43 0000003A 6A00                        push    dword 0      ; push the parameter for exit onto the stack
    44 0000003C FF15[00000000]              call    [exit]       ; call exit to terminate the program
